C:\Program Files\Microsoft Visual Studio\2022\Community\MSBuild\Microsoft\VC\v170\Microsoft.CppBuild.targets(514,5): warning MSB8028: Katalog pośredni (Debug\) zawiera pliki udostępnione z innego projektu (OpenGL_Tutorial.vcxproj). Może to spowodować niepoprawne zachowanie podczas oczyszczania i ponownej kompilacji.
  main.cpp
LINK : warning LNK4098: domyślna biblioteka "MSVCRT" powoduje konflikt z innymi bibliotekami; użyj opcji /NODEFAULTLIB:biblioteka
LINK : warning LNK4098: domyślna biblioteka "LIBCMT" powoduje konflikt z innymi bibliotekami; użyj opcji /NODEFAULTLIB:biblioteka
LINK : warning LNK4217: symbol "___glewBindBuffer" zdefiniowany w elemencie "glew32s.lib(glew.obj)" jest importowany przez element "Mesh.obj" w funkcji ""private: void __thiscall Mesh::initBuffers(void)" (?initBuffers@Mesh@@AAEXXZ)"
LINK : warning LNK4217: symbol "___glewBufferData" zdefiniowany w elemencie "glew32s.lib(glew.obj)" jest importowany przez element "Mesh.obj" w funkcji ""private: void __thiscall Mesh::initBuffers(void)" (?initBuffers@Mesh@@AAEXXZ)"
LINK : warning LNK4217: symbol "___glewDeleteBuffers" zdefiniowany w elemencie "glew32s.lib(glew.obj)" jest importowany przez element "Mesh.obj" w funkcji ""public: __thiscall Mesh::~Mesh(void)" (??1Mesh@@QAE@XZ)"
LINK : warning LNK4217: symbol "___glewGenBuffers" zdefiniowany w elemencie "glew32s.lib(glew.obj)" jest importowany przez element "Mesh.obj" w funkcji ""private: void __thiscall Mesh::initBuffers(void)" (?initBuffers@Mesh@@AAEXXZ)"
LINK : warning LNK4217: symbol "___glewEnableVertexAttribArray" zdefiniowany w elemencie "glew32s.lib(glew.obj)" jest importowany przez element "Mesh.obj" w funkcji ""private: void __thiscall Mesh::initBuffers(void)" (?initBuffers@Mesh@@AAEXXZ)"
LINK : warning LNK4217: symbol "___glewVertexAttribPointer" zdefiniowany w elemencie "glew32s.lib(glew.obj)" jest importowany przez element "Mesh.obj" w funkcji ""private: void __thiscall Mesh::initBuffers(void)" (?initBuffers@Mesh@@AAEXXZ)"
LINK : warning LNK4217: symbol "___glewBindVertexArray" zdefiniowany w elemencie "glew32s.lib(glew.obj)" jest importowany przez element "Mesh.obj" w funkcji ""public: void __thiscall Mesh::draw(void)" (?draw@Mesh@@QAEXXZ)"
LINK : warning LNK4217: symbol "___glewDeleteVertexArrays" zdefiniowany w elemencie "glew32s.lib(glew.obj)" jest importowany przez element "Mesh.obj" w funkcji ""public: __thiscall Mesh::~Mesh(void)" (??1Mesh@@QAE@XZ)"
LINK : warning LNK4217: symbol "___glewGenVertexArrays" zdefiniowany w elemencie "glew32s.lib(glew.obj)" jest importowany przez element "Mesh.obj" w funkcji ""private: void __thiscall Mesh::initBuffers(void)" (?initBuffers@Mesh@@AAEXXZ)"
LINK : warning LNK4217: symbol "___glewActiveTexture" zdefiniowany w elemencie "glew32s.lib(glew.obj)" jest importowany przez element "ShaderProgram.obj" w funkcji ""public: void __thiscall ShaderProgram::setUniformSampler(char const *,int const &)" (?setUniformSampler@ShaderProgram@@QAEXPBDABH@Z)"
LINK : warning LNK4286: symbol "___glewActiveTexture" zdefiniowany w elemencie "glew32s.lib(glew.obj)" jest importowany przez element "Texture2D.obj"
LINK : warning LNK4286: symbol "___glewActiveTexture" zdefiniowany w elemencie "glew32s.lib(glew.obj)" jest importowany przez element "Texture3D.obj"
LINK : warning LNK4217: symbol "___glewAttachShader" zdefiniowany w elemencie "glew32s.lib(glew.obj)" jest importowany przez element "ShaderProgram.obj" w funkcji ""public: bool __thiscall ShaderProgram::loadShaders(char const *,char const *)" (?loadShaders@ShaderProgram@@QAE_NPBD0@Z)"
LINK : warning LNK4217: symbol "___glewCompileShader" zdefiniowany w elemencie "glew32s.lib(glew.obj)" jest importowany przez element "ShaderProgram.obj" w funkcji ""public: bool __thiscall ShaderProgram::loadShaders(char const *,char const *)" (?loadShaders@ShaderProgram@@QAE_NPBD0@Z)"
LINK : warning LNK4217: symbol "___glewCreateProgram" zdefiniowany w elemencie "glew32s.lib(glew.obj)" jest importowany przez element "ShaderProgram.obj" w funkcji ""public: bool __thiscall ShaderProgram::loadShaders(char const *,char const *)" (?loadShaders@ShaderProgram@@QAE_NPBD0@Z)"
LINK : warning LNK4217: symbol "___glewCreateShader" zdefiniowany w elemencie "glew32s.lib(glew.obj)" jest importowany przez element "ShaderProgram.obj" w funkcji ""public: bool __thiscall ShaderProgram::loadShaders(char const *,char const *)" (?loadShaders@ShaderProgram@@QAE_NPBD0@Z)"
LINK : warning LNK4217: symbol "___glewDeleteProgram" zdefiniowany w elemencie "glew32s.lib(glew.obj)" jest importowany przez element "ShaderProgram.obj" w funkcji ""public: __thiscall ShaderProgram::~ShaderProgram(void)" (??1ShaderProgram@@QAE@XZ)"
LINK : warning LNK4217: symbol "___glewDeleteShader" zdefiniowany w elemencie "glew32s.lib(glew.obj)" jest importowany przez element "ShaderProgram.obj" w funkcji ""public: bool __thiscall ShaderProgram::loadShaders(char const *,char const *)" (?loadShaders@ShaderProgram@@QAE_NPBD0@Z)"
LINK : warning LNK4217: symbol "___glewGetProgramInfoLog" zdefiniowany w elemencie "glew32s.lib(glew.obj)" jest importowany przez element "ShaderProgram.obj" w funkcji ""private: void __thiscall ShaderProgram::checkCompileErrors(unsigned int,enum ShaderProgram::ShaderType)" (?checkCompileErrors@ShaderProgram@@AAEXIW4ShaderType@1@@Z)"
LINK : warning LNK4217: symbol "___glewGetProgramiv" zdefiniowany w elemencie "glew32s.lib(glew.obj)" jest importowany przez element "ShaderProgram.obj" w funkcji ""private: void __thiscall ShaderProgram::checkCompileErrors(unsigned int,enum ShaderProgram::ShaderType)" (?checkCompileErrors@ShaderProgram@@AAEXIW4ShaderType@1@@Z)"
LINK : warning LNK4217: symbol "___glewGetShaderInfoLog" zdefiniowany w elemencie "glew32s.lib(glew.obj)" jest importowany przez element "ShaderProgram.obj" w funkcji ""private: void __thiscall ShaderProgram::checkCompileErrors(unsigned int,enum ShaderProgram::ShaderType)" (?checkCompileErrors@ShaderProgram@@AAEXIW4ShaderType@1@@Z)"
LINK : warning LNK4217: symbol "___glewGetShaderiv" zdefiniowany w elemencie "glew32s.lib(glew.obj)" jest importowany przez element "ShaderProgram.obj" w funkcji ""private: void __thiscall ShaderProgram::checkCompileErrors(unsigned int,enum ShaderProgram::ShaderType)" (?checkCompileErrors@ShaderProgram@@AAEXIW4ShaderType@1@@Z)"
LINK : warning LNK4217: symbol "___glewGetUniformLocation" zdefiniowany w elemencie "glew32s.lib(glew.obj)" jest importowany przez element "ShaderProgram.obj" w funkcji ""private: int __thiscall ShaderProgram::getUniformLocation(char const *)" (?getUniformLocation@ShaderProgram@@AAEHPBD@Z)"
LINK : warning LNK4217: symbol "___glewLinkProgram" zdefiniowany w elemencie "glew32s.lib(glew.obj)" jest importowany przez element "ShaderProgram.obj" w funkcji ""public: bool __thiscall ShaderProgram::loadShaders(char const *,char const *)" (?loadShaders@ShaderProgram@@QAE_NPBD0@Z)"
LINK : warning LNK4217: symbol "___glewShaderSource" zdefiniowany w elemencie "glew32s.lib(glew.obj)" jest importowany przez element "ShaderProgram.obj" w funkcji ""public: bool __thiscall ShaderProgram::loadShaders(char const *,char const *)" (?loadShaders@ShaderProgram@@QAE_NPBD0@Z)"
LINK : warning LNK4217: symbol "___glewUniform1f" zdefiniowany w elemencie "glew32s.lib(glew.obj)" jest importowany przez element "ShaderProgram.obj" w funkcji ""public: void __thiscall ShaderProgram::setUniform(char const *,int const &)" (?setUniform@ShaderProgram@@QAEXPBDABH@Z)"
LINK : warning LNK4217: symbol "___glewUniform1i" zdefiniowany w elemencie "glew32s.lib(glew.obj)" jest importowany przez element "ShaderProgram.obj" w funkcji ""public: void __thiscall ShaderProgram::setUniformSampler(char const *,int const &)" (?setUniformSampler@ShaderProgram@@QAEXPBDABH@Z)"
LINK : warning LNK4217: symbol "___glewUniform2f" zdefiniowany w elemencie "glew32s.lib(glew.obj)" jest importowany przez element "ShaderProgram.obj" w funkcji ""public: void __thiscall ShaderProgram::setUniform(char const *,struct glm::vec<2,float,0> const &)" (?setUniform@ShaderProgram@@QAEXPBDABU?$vec@$01M$0A@@glm@@@Z)"
LINK : warning LNK4217: symbol "___glewUniform3f" zdefiniowany w elemencie "glew32s.lib(glew.obj)" jest importowany przez element "ShaderProgram.obj" w funkcji ""public: void __thiscall ShaderProgram::setUniform(char const *,struct glm::vec<3,float,0> const &)" (?setUniform@ShaderProgram@@QAEXPBDABU?$vec@$02M$0A@@glm@@@Z)"
LINK : warning LNK4217: symbol "___glewUniform4f" zdefiniowany w elemencie "glew32s.lib(glew.obj)" jest importowany przez element "ShaderProgram.obj" w funkcji ""public: void __thiscall ShaderProgram::setUniform(char const *,struct glm::vec<4,float,0> const &)" (?setUniform@ShaderProgram@@QAEXPBDABU?$vec@$03M$0A@@glm@@@Z)"
LINK : warning LNK4217: symbol "___glewUniformMatrix4fv" zdefiniowany w elemencie "glew32s.lib(glew.obj)" jest importowany przez element "ShaderProgram.obj" w funkcji ""public: void __thiscall ShaderProgram::setUniform(char const *,struct glm::mat<4,4,float,0> const &)" (?setUniform@ShaderProgram@@QAEXPBDABU?$mat@$03$03M$0A@@glm@@@Z)"
LINK : warning LNK4217: symbol "___glewUseProgram" zdefiniowany w elemencie "glew32s.lib(glew.obj)" jest importowany przez element "ShaderProgram.obj" w funkcji ""public: void __thiscall ShaderProgram::use(void)" (?use@ShaderProgram@@QAEXXZ)"
LINK : warning LNK4217: symbol "___glewGenerateMipmap" zdefiniowany w elemencie "glew32s.lib(glew.obj)" jest importowany przez element "Texture2D.obj" w funkcji ""public: bool __thiscall Texture2D::loadTexture(class std::basic_string<char,struct std::char_traits<char>,class std::allocator<char> > const &,bool)" (?loadTexture@Texture2D@@QAE_NABV?$basic_string@DU?$char_traits@D@std@@V?$allocator@D@2@@std@@_N@Z)"
glew32s.lib(glew.obj) : warning LNK4099: nie znaleziono pliku PDB "vc120.pdb" z elementem "glew32s.lib(glew.obj)" lub w pozycji "D:\PP\4sem\GKiW\Projekt\bin\vc120.pdb"; obiekt zostanie skonsolidowany bez informacji debugowania
  OpenGL_Tutorial.vcxproj -> D:\PP\4sem\GKiW\Projekt\bin\Projekt.exe
